material: Setting up material database
material: Number of materials:    8                                                                
model: Reading model data
model: Solar panel shape and mass: Plate                  20.000000000000000                      
model: Area increase by solar panels:    1.6563346839993700                                       
model: Object   1, Thickness [mm]:  14.45    , Rel. volume: 0.2208                                 
model: Object   2, Thickness [mm]:  9.217    , Rel. volume: 0.2695                                 
model: Object   3, Thickness [mm]:  10.85    , Rel. volume: 0.2133                                 
model: Object   4, Thickness [mm]:  5.820    , Rel. volume: 0.1700                                 
model: Object   5, Thickness [mm]:  9.745    , Rel. volume: 0.2081                                 
model: Object   6, Thickness [mm]:  24.89    , Rel. volume: 0.3935                                 
model: Object   7, Thickness [mm]:  8.311    , Rel. volume: 0.2168                                 
model: Object   8, Thickness [mm]:  12.62    , Rel. volume: 0.2428                                 
model: Object   9, Thickness [mm]:  11.18    , Rel. volume: 0.2231                                 
model: Object  10, Thickness [mm]:  8.374    , Rel. volume: 0.3005                                 
model: Object  11, Thickness [mm]:  14.01    , Rel. volume: 0.3987                                 
model: Object  12, Thickness [mm]:  11.19    , Rel. volume: 0.3512                                 
model: Object  13, Thickness [mm]:  6.250    , Rel. volume: 0.7542                                 
model: Object  14, Thickness [mm]:  10.86    , Rel. volume: 0.3121                                 
model: Object  15, Thickness [mm]:  6.724    , Rel. volume: 0.2244                                 
model: Object  16, Thickness [mm]:  9.535    , Rel. volume: 0.2155                                 
model: Object  17, Thickness [mm]:  7.257    , Rel. volume: 0.2832                                 
model: Object  18, Thickness [mm]:  3.969    , Rel. volume: 0.2013                                 
model: Object  19, Thickness [mm]:  8.760    , Rel. volume: 0.2766                                 
model: Object  20, Thickness [mm]:  8.782    , Rel. volume: 0.3068                                 
model: Object  21, Thickness [mm]:  9.903    , Rel. volume: 0.3719                                 
model: Object  22, Thickness [mm]:  1.973    , Rel. volume: 0.2608E-01                             
model: Object  23, Thickness [mm]:  2.815    , Rel. volume: 0.3504                                 
model: Object  24, Thickness [mm]:  25.84    , Rel. volume: 0.2590                                 
model: Object  25, Thickness [mm]:  11.74    , Rel. volume: 0.2306                                 
model: Object  26, Thickness [mm]:  46.04    , Rel. volume: 0.4570                                 
model: Object  27, Thickness [mm]:  13.84    , Rel. volume: 0.2678                                 
model: Object  28, Thickness [mm]:  9.471    , Rel. volume: 0.1116                                 
model: Object  29, Thickness [mm]:  9.047    , Rel. volume: 0.2742                                 
model: Object  30, Thickness [mm]:  26.75    , Rel. volume: 0.6022                                 
model: Object  31, Thickness [mm]:  51.78    , Rel. volume: 0.9901                                 
model: Object  32, Thickness [mm]:  13.84    , Rel. volume: 0.2678                                 
model: Object  33, Thickness [mm]:  8.531    , Rel. volume: 0.2045                                 
model: Object  34, Thickness [mm]:  2.941    , Rel. volume: 0.1071                                 
analys: Analysing re-entry
analys: Density offset  20 %                                
trajec: Object    0, Start alt.: 152.     Target alt.: 95.0                     
